<?xml version="1.0" encoding="UTF-8"?>
<!-- Generated by org.testng.reporters.JUnitReportReporter -->
<testsuite hostname="MBadillo-EDP-100-327.local" failures="0" tests="3" name="mikko.tests.AlertsandModals" time="49.102" errors="0" timestamp="2023-11-13T15:09:38 PST" skipped="0">
  <testcase classname="mikko.tests.AlertsandModals" name="bootstrapAlert" time="17.592"/>
  <system-out/>
  <testcase classname="mikko.tests.AlertsandModals" name="bootstrapModal" time="10.813"/>
  <system-out/>
  <testcase classname="mikko.tests.AlertsandModals" name="windowPopupModal" time="20.697"/>
  <system-out/>
</testsuite> <!-- mikko.tests.AlertsandModals -->
