<?xml version="1.0" encoding="UTF-8"?>
<!-- Generated by org.testng.reporters.JUnitReportReporter -->
<testsuite hostname="MBadillo-EDP-100-327.local" failures="0" tests="2" name="mikko.tests.listBox" time="18.258" errors="0" timestamp="2023-11-13T15:19:08 PST" skipped="0">
  <testcase classname="mikko.tests.listBox" name="bootstrapListbox" time="8.321"/>
  <system-out/>
  <testcase classname="mikko.tests.listBox" name="dataListFilter" time="9.937"/>
  <system-out/>
</testsuite> <!-- mikko.tests.listBox -->
