<?xml version="1.0" encoding="UTF-8"?>
<!-- Generated by org.testng.reporters.JUnitReportReporter -->
<testsuite hostname="MBadillo-EDP-100-327.local" failures="0" tests="1" name="mikko.tests.SeleniumDemo" time="193.107" errors="0" timestamp="2023-11-13T14:08:45 PST" skipped="0">
  <testcase classname="mikko.tests.SeleniumDemo" name="runTests" time="193.107"/>
  <system-out/>
</testsuite> <!-- mikko.tests.SeleniumDemo -->
