<?xml version="1.0" encoding="UTF-8"?>
<!-- Generated by org.testng.reporters.JUnitReportReporter -->
<testsuite hostname="MBadillo-EDP-100-327.local" failures="0" tests="5" name="mikko.tests.Table" time="58.766" errors="0" timestamp="2023-11-13T14:52:27 PST" skipped="0">
  <testcase classname="mikko.tests.Table" name="tablePagination" time="14.182"/>
  <system-out/>
  <testcase classname="mikko.tests.Table" name="dataSearch" time="12.841"/>
  <system-out/>
  <testcase classname="mikko.tests.Table" name="tableFilterDemo" time="10.008"/>
  <system-out/>
  <testcase classname="mikko.tests.Table" name="tableSortAndSearch" time="14.337"/>
  <system-out/>
  <testcase classname="mikko.tests.Table" name="dataTableDownload" time="7.398"/>
  <system-out/>
</testsuite> <!-- mikko.tests.Table -->
